[35m[Appium][39m Welcome to Appium v1.22.3
[35m[Appium][39m Non-default server args:
[35m[Appium][39m   port: 52891
[35m[Appium][39m   loglevel: info
[35m[Appium][39m   tmpDir: C:\Users\Najwa\AppData\Local\Temp\\Katalon\Appium\Temp1694916143418
[35m[Appium][39m   chromedriverPort: 52892
[35m[Appium][39m Deprecated server args:
[35m[Appium][39m   [31m--chromedriver-port[39m => --default-capabilities
[35m[Appium][39m Default capabilities, which will be added to each request unless overridden by desired capabilities:
[35m[Appium][39m   chromedriverPort: 52892
[35m[Appium][39m Appium REST http interface listener started on 0.0.0.0:52891
[35m[HTTP][39m [37m-->[39m [37mGET[39m [37m/wd/hub/status[39m
[35m[HTTP][39m [90m{}[39m
[35m[HTTP][39m [37m<-- GET /wd/hub/status [39m[32m200[39m [90m5 ms - 68[39m
[35m[HTTP][39m [90m[39m
[35m[HTTP][39m [37m-->[39m [37mGET[39m [37m/wd/hub/status[39m
[35m[HTTP][39m [90m{}[39m
[35m[HTTP][39m [37m<-- GET /wd/hub/status [39m[32m200[39m [90m1 ms - 68[39m
[35m[HTTP][39m [90m[39m
[35m[HTTP][39m [37m-->[39m [37mPOST[39m [37m/wd/hub/session[39m
[35m[HTTP][39m [90m{"desiredCapabilities":{"appActivity":".Settings","appPackage":"com.android.settings","newCommandTimeout":1800,"platformVersion":"11","automationName":"uiautomator2","autoGrantPermissions":true,"platformName":"Android","udid":"emulator-5554","deviceName":"emulator-5554 (sdk_gphone_x86 - Android 11)","platform":"ANDROID","systemPort":8274},"capabilities":{"firstMatch":[{"appium:appActivity":".Settings","appium:appPackage":"com.android.settings","appium:autoGrantPermissions":true,"appium:automationName":"uiautomator2","appium:deviceName":"emulator-5554 (sdk_gphone_x86 - Android 11)","appium:newCommandTimeout":1800,"platform":"ANDROID","platformName":"android","appium:platformVersion":"11","appium:systemPort":8274,"appium:udid":"emulator-5554"}]}}[39m
[35m[BaseDriver][39m The following capabilities are not standard capabilities and should have an extension prefix:
[35m[BaseDriver][39m   platform
[35m[BaseDriver][39m   chromedriverPort
[35m[Appium][39m Appium v1.22.3 creating new AndroidUiautomator2Driver (v1.70.1) session
[35m[BaseDriver][39m The following capabilities were provided, but are not recognized by Appium:
[35m[BaseDriver][39m   platform
[35m[BaseDriver][39m Session created with session id: 6298e47d-0113-44de-8f81-b87db5c23158
[35m[UiAutomator2][39m Starting 'com.android.settings' directly on the device
[35m[ADB][39m Found 1 'build-tools' folders under 'C:\Users\Najwa\.katalon\tools\android_sdk' (newest first):
[35m[ADB][39m     C:/Users/Najwa/.katalon/tools/android_sdk/build-tools/29.0.3
[35m[ADB][39m Using 'adb.exe' from 'C:\Users\Najwa\.katalon\tools\android_sdk\platform-tools\adb.exe'
[35m[AndroidDriver][39m Retrieving device list
[35m[AndroidDriver][39m Using device: emulator-5554
[35m[ADB][39m Using 'adb.exe' from 'C:\Users\Najwa\.katalon\tools\android_sdk\platform-tools\adb.exe'
[35m[ADB][39m Getting device platform version
[35m[UiAutomator2][39m Relaxing hidden api policy
[35m[AndroidDriver][39m No app sent in, not parsing package/activity
[35m[ADB][39m Using 'apksigner.jar' from 'C:\Users\Najwa\.katalon\tools\android_sdk\build-tools\29.0.3\lib\apksigner.jar'
[35m[ADB][39m 'C:\Users\Najwa\AppData\Roaming\npm\node_modules\appium\node_modules\appium-uiautomator2-server\apks\appium-uiautomator2-server-v4.27.0.apk' is signed with the default certificate
[35m[ADB][39m 'C:\Users\Najwa\AppData\Roaming\npm\node_modules\appium\node_modules\appium-uiautomator2-server\apks\appium-uiautomator2-server-debug-androidTest.apk' is signed with the default certificate
[35m[UiAutomator2][39m Server packages are not going to be (re)installed
[35m[ADB][39m Adding packages ["io.appium.settings","io.appium.uiautomator2.server","io.appium.uiautomator2.server.test"] to Doze whitelist
[35m[UiAutomator2][39m Starting UIAutomator2 server 4.27.0
[35m[UiAutomator2][39m Using UIAutomator2 server from 'C:\Users\Najwa\AppData\Roaming\npm\node_modules\appium\node_modules\appium-uiautomator2-server\apks\appium-uiautomator2-server-v4.27.0.apk' and test from 'C:\Users\Najwa\AppData\Roaming\npm\node_modules\appium\node_modules\appium-uiautomator2-server\apks\appium-uiautomator2-server-debug-androidTest.apk'
[35m[UiAutomator2][39m Waiting up to 30000ms for UiAutomator2 to be online...
[35m[WD Proxy][39m socket hang up
[35m[WD Proxy][39m socket hang up
[35m[WD Proxy][39m Determined the downstream protocol as 'W3C'
[35m[AndroidDriver][39m Screen already unlocked, doing nothing
[35m[UiAutomator2][39m Starting 'com.android.settings/.Settings and waiting for 'com.android.settings/.Settings'
[35m[Appium][39m New AndroidUiautomator2Driver session created successfully, session 6298e47d-0113-44de-8f81-b87db5c23158 added to master session list
[35m[HTTP][39m [37m<-- POST /wd/hub/session [39m[32m200[39m [90m7979 ms - 1181[39m
[35m[HTTP][39m [90m[39m
[35m[HTTP][39m [37m-->[39m [37mGET[39m [37m/wd/hub/session/6298e47d-0113-44de-8f81-b87db5c23158[39m
[35m[HTTP][39m [90m{}[39m
[35m[HTTP][39m [37m<-- GET /wd/hub/session/6298e47d-0113-44de-8f81-b87db5c23158 [39m[32m200[39m [90m14 ms - 1135[39m
[35m[HTTP][39m [90m[39m
[35m[HTTP][39m [37m-->[39m [37mGET[39m [37m/wd/hub/session/6298e47d-0113-44de-8f81-b87db5c23158[39m
[35m[HTTP][39m [90m{}[39m
[35m[HTTP][39m [37m<-- GET /wd/hub/session/6298e47d-0113-44de-8f81-b87db5c23158 [39m[32m200[39m [90m28 ms - 1135[39m
[35m[HTTP][39m [90m[39m
[35m[HTTP][39m [37m-->[39m [37mGET[39m [37m/wd/hub/status[39m
[35m[HTTP][39m [90m{}[39m
[35m[HTTP][39m [37m<-- GET /wd/hub/status [39m[32m200[39m [90m2 ms - 68[39m
[35m[HTTP][39m [90m[39m
[35m[HTTP][39m [37m-->[39m [37mPOST[39m [37m/wd/hub/session/6298e47d-0113-44de-8f81-b87db5c23158/timeouts[39m
[35m[HTTP][39m [90m{"implicit":60000}[39m
[35m[HTTP][39m [37m<-- POST /wd/hub/session/6298e47d-0113-44de-8f81-b87db5c23158/timeouts [39m[32m200[39m [90m4 ms - 14[39m
[35m[HTTP][39m [90m[39m
[35m[HTTP][39m [37m-->[39m [37mGET[39m [37m/wd/hub/session/6298e47d-0113-44de-8f81-b87db5c23158/screenshot[39m
[35m[HTTP][39m [90m{}[39m
[35m[HTTP][39m [37m<-- GET /wd/hub/session/6298e47d-0113-44de-8f81-b87db5c23158/screenshot [39m[32m200[39m [90m578 ms - 194934[39m
[35m[HTTP][39m [90m[39m
[35m[HTTP][39m [37m-->[39m [37mGET[39m [37m/wd/hub/session/6298e47d-0113-44de-8f81-b87db5c23158/window/rect[39m
[35m[HTTP][39m [90m{}[39m
[35m[HTTP][39m [37m<-- GET /wd/hub/session/6298e47d-0113-44de-8f81-b87db5c23158/window/rect [39m[32m200[39m [90m27 ms - 50[39m
[35m[HTTP][39m [90m[39m
[35m[HTTP][39m [37m-->[39m [37mGET[39m [37m/wd/hub/session/6298e47d-0113-44de-8f81-b87db5c23158/appium/device/system_bars[39m
[35m[HTTP][39m [90m{}[39m
[35m[HTTP][39m [37m<-- GET /wd/hub/session/6298e47d-0113-44de-8f81-b87db5c23158/appium/device/system_bars [39m[32m200[39m [90m104 ms - 148[39m
[35m[HTTP][39m [90m[39m
[35m[HTTP][39m [37m-->[39m [37mPOST[39m [37m/wd/hub/session/6298e47d-0113-44de-8f81-b87db5c23158/appium/device/activate_app[39m
[35m[HTTP][39m [90m{"bundleId":"com.example.mikebanks.bankscorpfinancial"}[39m
[35m[HTTP][39m [37m<-- POST /wd/hub/session/6298e47d-0113-44de-8f81-b87db5c23158/appium/device/activate_app [39m[32m200[39m [90m1034 ms - 14[39m
[35m[HTTP][39m [90m[39m
[35m[HTTP][39m [37m-->[39m [37mGET[39m [37m/wd/hub/session/6298e47d-0113-44de-8f81-b87db5c23158/source[39m
[35m[HTTP][39m [90m{}[39m
[35m[W3C (6298e47d)][39m Driver proxy active, passing request on via HTTP proxy
[35m[WD Proxy][39m Replacing sessionId 12678205-e4ff-4084-9b67-f8cfdb98ff3c with 6298e47d-0113-44de-8f81-b87db5c23158
[35m[HTTP][39m [37m<-- GET /wd/hub/session/6298e47d-0113-44de-8f81-b87db5c23158/source [39m[32m200[39m [90m592 ms - 2436[39m
[35m[HTTP][39m [90m[39m
[35m[HTTP][39m [37m-->[39m [37mGET[39m [37m/wd/hub/session/6298e47d-0113-44de-8f81-b87db5c23158/screenshot[39m
[35m[HTTP][39m [90m{}[39m
[35m[HTTP][39m [37m<-- GET /wd/hub/session/6298e47d-0113-44de-8f81-b87db5c23158/screenshot [39m[32m200[39m [90m401 ms - 299554[39m
[35m[HTTP][39m [90m[39m
[35m[HTTP][39m [37m-->[39m [37mPOST[39m [37m/wd/hub/session/6298e47d-0113-44de-8f81-b87db5c23158/elements[39m
[35m[HTTP][39m [90m{"using":"xpath","value":"//*[@class = 'android.widget.CheckedTextView' and (@text = 'Bank Acc 1 ($50000.00)' or . = 'Bank Acc 1 ($50000.00)') and @resource-id = 'android:id/text1']"}[39m
[35m[HTTP][39m [37m<-- POST /wd/hub/session/6298e47d-0113-44de-8f81-b87db5c23158/elements [39m[32m200[39m [90m439 ms - 139[39m
[35m[HTTP][39m [90m[39m
[35m[HTTP][39m [37m-->[39m [37mPOST[39m [37m/wd/hub/session/6298e47d-0113-44de-8f81-b87db5c23158/elements[39m
[35m[HTTP][39m [90m{"using":"xpath","value":"//*[@class = 'android.widget.CheckedTextView' and (@text = 'Bank Acc 2 ($100000.00)' or . = 'Bank Acc 2 ($100000.00)') and @resource-id = 'android:id/text1']"}[39m
[35m[HTTP][39m [37m<-- POST /wd/hub/session/6298e47d-0113-44de-8f81-b87db5c23158/elements [39m[32m200[39m [90m33 ms - 139[39m
[35m[HTTP][39m [90m[39m
[35m[HTTP][39m [37m-->[39m [37mPOST[39m [37m/wd/hub/session/6298e47d-0113-44de-8f81-b87db5c23158/timeouts[39m
[35m[HTTP][39m [90m{"implicit":1000}[39m
[35m[HTTP][39m [37m<-- POST /wd/hub/session/6298e47d-0113-44de-8f81-b87db5c23158/timeouts [39m[32m200[39m [90m1 ms - 14[39m
[35m[HTTP][39m [90m[39m
[35m[HTTP][39m [37m-->[39m [37mPOST[39m [37m/wd/hub/session/6298e47d-0113-44de-8f81-b87db5c23158/elements[39m
[35m[HTTP][39m [90m{"using":"xpath","value":"//hierarchy/android.widget.FrameLayout[1]/android.widget.FrameLayout[1]/android.widget.ListView[1]/android.widget.CheckedTextView[2]"}[39m
[35m[HTTP][39m [37m<-- POST /wd/hub/session/6298e47d-0113-44de-8f81-b87db5c23158/elements [39m[32m200[39m [90m29 ms - 139[39m
[35m[HTTP][39m [90m[39m
[35m[HTTP][39m [37m-->[39m [37mGET[39m [37m/wd/hub/session/6298e47d-0113-44de-8f81-b87db5c23158/element/00000000-0000-023b-ffff-ffff000000b3/location[39m
[35m[HTTP][39m [90m{}[39m
[35m[W3C (6298e47d)][39m Driver proxy active, passing request on via HTTP proxy
[35m[WD Proxy][39m Replacing sessionId 12678205-e4ff-4084-9b67-f8cfdb98ff3c with 6298e47d-0113-44de-8f81-b87db5c23158
[35m[HTTP][39m [37m<-- GET /wd/hub/session/6298e47d-0113-44de-8f81-b87db5c23158/element/00000000-0000-023b-ffff-ffff000000b3/location [39m[32m200[39m [90m18 ms - 78[39m
[35m[HTTP][39m [90m[39m
[35m[HTTP][39m [37m-->[39m [37mGET[39m [37m/wd/hub/session/6298e47d-0113-44de-8f81-b87db5c23158/element/00000000-0000-023b-ffff-ffff000000b3/size[39m
[35m[HTTP][39m [90m{}[39m
[35m[W3C (6298e47d)][39m Driver proxy active, passing request on via HTTP proxy
[35m[WD Proxy][39m Replacing sessionId 12678205-e4ff-4084-9b67-f8cfdb98ff3c with 6298e47d-0113-44de-8f81-b87db5c23158
[35m[HTTP][39m [37m<-- GET /wd/hub/session/6298e47d-0113-44de-8f81-b87db5c23158/element/00000000-0000-023b-ffff-ffff000000b3/size [39m[32m200[39m [90m12 ms - 87[39m
[35m[HTTP][39m [90m[39m
[35m[HTTP][39m [37m-->[39m [37mPOST[39m [37m/wd/hub/session/6298e47d-0113-44de-8f81-b87db5c23158/timeouts[39m
[35m[HTTP][39m [90m{"implicit":1000}[39m
[35m[HTTP][39m [37m<-- POST /wd/hub/session/6298e47d-0113-44de-8f81-b87db5c23158/timeouts [39m[32m200[39m [90m2 ms - 14[39m
[35m[HTTP][39m [90m[39m
[35m[HTTP][39m [37m-->[39m [37mPOST[39m [37m/wd/hub/session/6298e47d-0113-44de-8f81-b87db5c23158/elements[39m
[35m[HTTP][39m [90m{"using":"id","value":"android:id/text1"}[39m
[35m[HTTP][39m [37m<-- POST /wd/hub/session/6298e47d-0113-44de-8f81-b87db5c23158/elements [39m[32m200[39m [90m16 ms - 267[39m
[35m[HTTP][39m [90m[39m
[35m[HTTP][39m [37m-->[39m [37mGET[39m [37m/wd/hub/session/6298e47d-0113-44de-8f81-b87db5c23158/element/00000000-0000-023b-ffff-ffff000000b2/location[39m
[35m[HTTP][39m [90m{}[39m
[35m[W3C (6298e47d)][39m Driver proxy active, passing request on via HTTP proxy
[35m[WD Proxy][39m Replacing sessionId 12678205-e4ff-4084-9b67-f8cfdb98ff3c with 6298e47d-0113-44de-8f81-b87db5c23158
[35m[HTTP][39m [37m<-- GET /wd/hub/session/6298e47d-0113-44de-8f81-b87db5c23158/element/00000000-0000-023b-ffff-ffff000000b2/location [39m[32m200[39m [90m13 ms - 78[39m
[35m[HTTP][39m [90m[39m
[35m[HTTP][39m [37m-->[39m [37mGET[39m [37m/wd/hub/session/6298e47d-0113-44de-8f81-b87db5c23158/element/00000000-0000-023b-ffff-ffff000000b2/size[39m
[35m[HTTP][39m [90m{}[39m
[35m[W3C (6298e47d)][39m Driver proxy active, passing request on via HTTP proxy
[35m[WD Proxy][39m Replacing sessionId 12678205-e4ff-4084-9b67-f8cfdb98ff3c with 6298e47d-0113-44de-8f81-b87db5c23158
[35m[HTTP][39m [37m<-- GET /wd/hub/session/6298e47d-0113-44de-8f81-b87db5c23158/element/00000000-0000-023b-ffff-ffff000000b2/size [39m[32m200[39m [90m11 ms - 87[39m
[35m[HTTP][39m [90m[39m
[35m[HTTP][39m [37m-->[39m [37mGET[39m [37m/wd/hub/session/6298e47d-0113-44de-8f81-b87db5c23158/element/00000000-0000-023b-ffff-ffff000000b3/location[39m
[35m[HTTP][39m [90m{}[39m
[35m[W3C (6298e47d)][39m Driver proxy active, passing request on via HTTP proxy
[35m[WD Proxy][39m Replacing sessionId 12678205-e4ff-4084-9b67-f8cfdb98ff3c with 6298e47d-0113-44de-8f81-b87db5c23158
[35m[HTTP][39m [37m<-- GET /wd/hub/session/6298e47d-0113-44de-8f81-b87db5c23158/element/00000000-0000-023b-ffff-ffff000000b3/location [39m[32m200[39m [90m10 ms - 78[39m
[35m[HTTP][39m [90m[39m
[35m[HTTP][39m [37m-->[39m [37mGET[39m [37m/wd/hub/session/6298e47d-0113-44de-8f81-b87db5c23158/element/00000000-0000-023b-ffff-ffff000000b3/size[39m
[35m[HTTP][39m [90m{}[39m
[35m[W3C (6298e47d)][39m Driver proxy active, passing request on via HTTP proxy
[35m[WD Proxy][39m Replacing sessionId 12678205-e4ff-4084-9b67-f8cfdb98ff3c with 6298e47d-0113-44de-8f81-b87db5c23158
[35m[HTTP][39m [37m<-- GET /wd/hub/session/6298e47d-0113-44de-8f81-b87db5c23158/element/00000000-0000-023b-ffff-ffff000000b3/size [39m[32m200[39m [90m10 ms - 87[39m
[35m[HTTP][39m [90m[39m
[35m[HTTP][39m [37m-->[39m [37mPOST[39m [37m/wd/hub/session/6298e47d-0113-44de-8f81-b87db5c23158/timeouts[39m
[35m[HTTP][39m [90m{"implicit":1000}[39m
[35m[HTTP][39m [37m<-- POST /wd/hub/session/6298e47d-0113-44de-8f81-b87db5c23158/timeouts [39m[32m200[39m [90m1 ms - 14[39m
[35m[HTTP][39m [90m[39m
[35m[HTTP][39m [37m-->[39m [37mPOST[39m [37m/wd/hub/session/6298e47d-0113-44de-8f81-b87db5c23158/elements[39m
[35m[HTTP][39m [90m{"using":"-android uiautomator","value":"new UiSelector().className(\"android.widget.CheckedTextView\").text(\"Bank Acc 2 ($100000.00)\").resourceId(\"android:id/text1\").packageName(\"com.example.mikebanks.bankscorpfinancial\").enabled(true).clickable(true).longClickable(false).checkable(true).checked(false).focusable(false).focused(false).scrollable(false).selected(false).index(1)"}[39m
[35m[HTTP][39m [37m<-- POST /wd/hub/session/6298e47d-0113-44de-8f81-b87db5c23158/elements [39m[32m200[39m [90m31 ms - 139[39m
[35m[HTTP][39m [90m[39m
[35m[HTTP][39m [37m-->[39m [37mGET[39m [37m/wd/hub/session/6298e47d-0113-44de-8f81-b87db5c23158/element/00000000-0000-023b-ffff-ffff000000b3/location[39m
[35m[HTTP][39m [90m{}[39m
[35m[W3C (6298e47d)][39m Driver proxy active, passing request on via HTTP proxy
[35m[WD Proxy][39m Replacing sessionId 12678205-e4ff-4084-9b67-f8cfdb98ff3c with 6298e47d-0113-44de-8f81-b87db5c23158
[35m[HTTP][39m [37m<-- GET /wd/hub/session/6298e47d-0113-44de-8f81-b87db5c23158/element/00000000-0000-023b-ffff-ffff000000b3/location [39m[32m200[39m [90m15 ms - 78[39m
[35m[HTTP][39m [90m[39m
[35m[HTTP][39m [37m-->[39m [37mGET[39m [37m/wd/hub/session/6298e47d-0113-44de-8f81-b87db5c23158/element/00000000-0000-023b-ffff-ffff000000b3/size[39m
[35m[HTTP][39m [90m{}[39m
[35m[W3C (6298e47d)][39m Driver proxy active, passing request on via HTTP proxy
[35m[WD Proxy][39m Replacing sessionId 12678205-e4ff-4084-9b67-f8cfdb98ff3c with 6298e47d-0113-44de-8f81-b87db5c23158
[35m[HTTP][39m [37m<-- GET /wd/hub/session/6298e47d-0113-44de-8f81-b87db5c23158/element/00000000-0000-023b-ffff-ffff000000b3/size [39m[32m200[39m [90m13 ms - 87[39m
[35m[HTTP][39m [90m[39m
[35m[HTTP][39m [37m-->[39m [37mPOST[39m [37m/wd/hub/session/6298e47d-0113-44de-8f81-b87db5c23158/timeouts[39m
[35m[HTTP][39m [90m{"implicit":1000}[39m
[35m[HTTP][39m [37m<-- POST /wd/hub/session/6298e47d-0113-44de-8f81-b87db5c23158/timeouts [39m[32m200[39m [90m1 ms - 14[39m
[35m[HTTP][39m [90m[39m
[35m[HTTP][39m [37m-->[39m [37mPOST[39m [37m/wd/hub/session/6298e47d-0113-44de-8f81-b87db5c23158/elements[39m
[35m[HTTP][39m [90m{"using":"xpath","value":"//*[@class = 'android.widget.CheckedTextView' and (@text = 'Bank Acc 2 ($100000.00)' or . = 'Bank Acc 2 ($100000.00)') and @resource-id = 'android:id/text1']"}[39m
[35m[HTTP][39m [37m<-- POST /wd/hub/session/6298e47d-0113-44de-8f81-b87db5c23158/elements [39m[32m200[39m [90m30 ms - 139[39m
[35m[HTTP][39m [90m[39m
[35m[HTTP][39m [37m-->[39m [37mGET[39m [37m/wd/hub/session/6298e47d-0113-44de-8f81-b87db5c23158/element/00000000-0000-023b-ffff-ffff000000b3/location[39m
[35m[HTTP][39m [90m{}[39m
[35m[W3C (6298e47d)][39m Driver proxy active, passing request on via HTTP proxy
[35m[WD Proxy][39m Replacing sessionId 12678205-e4ff-4084-9b67-f8cfdb98ff3c with 6298e47d-0113-44de-8f81-b87db5c23158
[35m[HTTP][39m [37m<-- GET /wd/hub/session/6298e47d-0113-44de-8f81-b87db5c23158/element/00000000-0000-023b-ffff-ffff000000b3/location [39m[32m200[39m [90m11 ms - 78[39m
[35m[HTTP][39m [90m[39m
[35m[HTTP][39m [37m-->[39m [37mGET[39m [37m/wd/hub/session/6298e47d-0113-44de-8f81-b87db5c23158/element/00000000-0000-023b-ffff-ffff000000b3/size[39m
[35m[HTTP][39m [90m{}[39m
[35m[W3C (6298e47d)][39m Driver proxy active, passing request on via HTTP proxy
[35m[WD Proxy][39m Replacing sessionId 12678205-e4ff-4084-9b67-f8cfdb98ff3c with 6298e47d-0113-44de-8f81-b87db5c23158
[35m[HTTP][39m [37m<-- GET /wd/hub/session/6298e47d-0113-44de-8f81-b87db5c23158/element/00000000-0000-023b-ffff-ffff000000b3/size [39m[32m200[39m [90m11 ms - 87[39m
[35m[HTTP][39m [90m[39m
[35m[HTTP][39m [37m-->[39m [37mPOST[39m [37m/wd/hub/session/6298e47d-0113-44de-8f81-b87db5c23158/timeouts[39m
[35m[HTTP][39m [90m{"implicit":1000}[39m
[35m[HTTP][39m [37m<-- POST /wd/hub/session/6298e47d-0113-44de-8f81-b87db5c23158/timeouts [39m[32m200[39m [90m1 ms - 14[39m
[35m[HTTP][39m [90m[39m
[35m[HTTP][39m [37m-->[39m [37mPOST[39m [37m/wd/hub/session/6298e47d-0113-44de-8f81-b87db5c23158/elements[39m
[35m[HTTP][39m [90m{"using":"xpath","value":"//hierarchy/android.widget.FrameLayout[1]/android.widget.FrameLayout[1]/android.widget.ListView[1]/android.widget.CheckedTextView[2]"}[39m
[35m[HTTP][39m [37m<-- POST /wd/hub/session/6298e47d-0113-44de-8f81-b87db5c23158/elements [39m[32m200[39m [90m31 ms - 139[39m
[35m[HTTP][39m [90m[39m
[35m[HTTP][39m [37m-->[39m [37mGET[39m [37m/wd/hub/session/6298e47d-0113-44de-8f81-b87db5c23158/element/00000000-0000-023b-ffff-ffff000000b3/location[39m
[35m[HTTP][39m [90m{}[39m
[35m[W3C (6298e47d)][39m Driver proxy active, passing request on via HTTP proxy
[35m[WD Proxy][39m Replacing sessionId 12678205-e4ff-4084-9b67-f8cfdb98ff3c with 6298e47d-0113-44de-8f81-b87db5c23158
[35m[HTTP][39m [37m<-- GET /wd/hub/session/6298e47d-0113-44de-8f81-b87db5c23158/element/00000000-0000-023b-ffff-ffff000000b3/location [39m[32m200[39m [90m12 ms - 78[39m
[35m[HTTP][39m [90m[39m
[35m[HTTP][39m [37m-->[39m [37mGET[39m [37m/wd/hub/session/6298e47d-0113-44de-8f81-b87db5c23158/element/00000000-0000-023b-ffff-ffff000000b3/size[39m
[35m[HTTP][39m [90m{}[39m
[35m[W3C (6298e47d)][39m Driver proxy active, passing request on via HTTP proxy
[35m[WD Proxy][39m Replacing sessionId 12678205-e4ff-4084-9b67-f8cfdb98ff3c with 6298e47d-0113-44de-8f81-b87db5c23158
[35m[HTTP][39m [37m<-- GET /wd/hub/session/6298e47d-0113-44de-8f81-b87db5c23158/element/00000000-0000-023b-ffff-ffff000000b3/size [39m[32m200[39m [90m12 ms - 87[39m
[35m[HTTP][39m [90m[39m
[35m[HTTP][39m [37m-->[39m [37mPOST[39m [37m/wd/hub/session/6298e47d-0113-44de-8f81-b87db5c23158/timeouts[39m
[35m[HTTP][39m [90m{"implicit":1000}[39m
[35m[HTTP][39m [37m<-- POST /wd/hub/session/6298e47d-0113-44de-8f81-b87db5c23158/timeouts [39m[32m200[39m [90m2 ms - 14[39m
[35m[HTTP][39m [90m[39m
[35m[HTTP][39m [37m-->[39m [37mPOST[39m [37m/wd/hub/session/6298e47d-0113-44de-8f81-b87db5c23158/elements[39m
[35m[HTTP][39m [90m{"using":"xpath","value":"//hierarchy/android.widget.FrameLayout[1]/android.widget.FrameLayout[1]/android.widget.ListView[1]/android.widget.CheckedTextView[2]"}[39m
[35m[HTTP][39m [37m<-- POST /wd/hub/session/6298e47d-0113-44de-8f81-b87db5c23158/elements [39m[32m200[39m [90m28 ms - 139[39m
[35m[HTTP][39m [90m[39m
[35m[HTTP][39m [37m-->[39m [37mGET[39m [37m/wd/hub/session/6298e47d-0113-44de-8f81-b87db5c23158/element/00000000-0000-023b-ffff-ffff000000b3/location[39m
[35m[HTTP][39m [90m{}[39m
[35m[W3C (6298e47d)][39m Driver proxy active, passing request on via HTTP proxy
[35m[WD Proxy][39m Replacing sessionId 12678205-e4ff-4084-9b67-f8cfdb98ff3c with 6298e47d-0113-44de-8f81-b87db5c23158
[35m[HTTP][39m [37m<-- GET /wd/hub/session/6298e47d-0113-44de-8f81-b87db5c23158/element/00000000-0000-023b-ffff-ffff000000b3/location [39m[32m200[39m [90m12 ms - 78[39m
[35m[HTTP][39m [90m[39m
[35m[HTTP][39m [37m-->[39m [37mGET[39m [37m/wd/hub/session/6298e47d-0113-44de-8f81-b87db5c23158/element/00000000-0000-023b-ffff-ffff000000b3/size[39m
[35m[HTTP][39m [90m{}[39m
[35m[W3C (6298e47d)][39m Driver proxy active, passing request on via HTTP proxy
[35m[WD Proxy][39m Replacing sessionId 12678205-e4ff-4084-9b67-f8cfdb98ff3c with 6298e47d-0113-44de-8f81-b87db5c23158
[35m[HTTP][39m [37m<-- GET /wd/hub/session/6298e47d-0113-44de-8f81-b87db5c23158/element/00000000-0000-023b-ffff-ffff000000b3/size [39m[32m200[39m [90m12 ms - 87[39m
[35m[HTTP][39m [90m[39m
[35m[HTTP][39m [37m-->[39m [37mPOST[39m [37m/wd/hub/session/6298e47d-0113-44de-8f81-b87db5c23158/timeouts[39m
[35m[HTTP][39m [90m{"implicit":1000}[39m
[35m[HTTP][39m [37m<-- POST /wd/hub/session/6298e47d-0113-44de-8f81-b87db5c23158/timeouts [39m[32m200[39m [90m1 ms - 14[39m
[35m[HTTP][39m [90m[39m
[35m[HTTP][39m [37m-->[39m [37mPOST[39m [37m/wd/hub/session/6298e47d-0113-44de-8f81-b87db5c23158/elements[39m
[35m[HTTP][39m [90m{"using":"xpath","value":"//hierarchy/android.widget.FrameLayout[1]/android.widget.FrameLayout[1]/android.widget.ListView[1]/android.widget.CheckedTextView[1]"}[39m
[35m[HTTP][39m [37m<-- POST /wd/hub/session/6298e47d-0113-44de-8f81-b87db5c23158/elements [39m[32m200[39m [90m28 ms - 139[39m
[35m[HTTP][39m [90m[39m
[35m[HTTP][39m [37m-->[39m [37mGET[39m [37m/wd/hub/session/6298e47d-0113-44de-8f81-b87db5c23158/element/00000000-0000-023b-ffff-ffff000000b2/location[39m
[35m[HTTP][39m [90m{}[39m
[35m[W3C (6298e47d)][39m Driver proxy active, passing request on via HTTP proxy
[35m[WD Proxy][39m Replacing sessionId 12678205-e4ff-4084-9b67-f8cfdb98ff3c with 6298e47d-0113-44de-8f81-b87db5c23158
[35m[HTTP][39m [37m<-- GET /wd/hub/session/6298e47d-0113-44de-8f81-b87db5c23158/element/00000000-0000-023b-ffff-ffff000000b2/location [39m[32m200[39m [90m14 ms - 78[39m
[35m[HTTP][39m [90m[39m
[35m[HTTP][39m [37m-->[39m [37mGET[39m [37m/wd/hub/session/6298e47d-0113-44de-8f81-b87db5c23158/element/00000000-0000-023b-ffff-ffff000000b2/size[39m
[35m[HTTP][39m [90m{}[39m
[35m[W3C (6298e47d)][39m Driver proxy active, passing request on via HTTP proxy
[35m[WD Proxy][39m Replacing sessionId 12678205-e4ff-4084-9b67-f8cfdb98ff3c with 6298e47d-0113-44de-8f81-b87db5c23158
[35m[HTTP][39m [37m<-- GET /wd/hub/session/6298e47d-0113-44de-8f81-b87db5c23158/element/00000000-0000-023b-ffff-ffff000000b2/size [39m[32m200[39m [90m12 ms - 87[39m
[35m[HTTP][39m [90m[39m
[35m[HTTP][39m [37m-->[39m [37mPOST[39m [37m/wd/hub/session/6298e47d-0113-44de-8f81-b87db5c23158/timeouts[39m
[35m[HTTP][39m [90m{"implicit":1000}[39m
[35m[HTTP][39m [37m<-- POST /wd/hub/session/6298e47d-0113-44de-8f81-b87db5c23158/timeouts [39m[32m200[39m [90m1 ms - 14[39m
[35m[HTTP][39m [90m[39m
[35m[HTTP][39m [37m-->[39m [37mPOST[39m [37m/wd/hub/session/6298e47d-0113-44de-8f81-b87db5c23158/elements[39m
[35m[HTTP][39m [90m{"using":"-android uiautomator","value":"new UiSelector().className(\"android.widget.CheckedTextView\").text(\"Bank Acc 1 ($50000.00)\").resourceId(\"android:id/text1\").packageName(\"com.example.mikebanks.bankscorpfinancial\").enabled(true).clickable(true).longClickable(false).checkable(true).checked(true).focusable(false).focused(false).scrollable(false).selected(false).index(0)"}[39m
[35m[HTTP][39m [37m<-- POST /wd/hub/session/6298e47d-0113-44de-8f81-b87db5c23158/elements [39m[32m200[39m [90m20 ms - 139[39m
[35m[HTTP][39m [90m[39m
[35m[HTTP][39m [37m-->[39m [37mGET[39m [37m/wd/hub/session/6298e47d-0113-44de-8f81-b87db5c23158/element/00000000-0000-023b-ffff-ffff000000b2/location[39m
[35m[HTTP][39m [90m{}[39m
[35m[W3C (6298e47d)][39m Driver proxy active, passing request on via HTTP proxy
[35m[WD Proxy][39m Replacing sessionId 12678205-e4ff-4084-9b67-f8cfdb98ff3c with 6298e47d-0113-44de-8f81-b87db5c23158
[35m[HTTP][39m [37m<-- GET /wd/hub/session/6298e47d-0113-44de-8f81-b87db5c23158/element/00000000-0000-023b-ffff-ffff000000b2/location [39m[32m200[39m [90m16 ms - 78[39m
[35m[HTTP][39m [90m[39m
[35m[HTTP][39m [37m-->[39m [37mGET[39m [37m/wd/hub/session/6298e47d-0113-44de-8f81-b87db5c23158/element/00000000-0000-023b-ffff-ffff000000b2/size[39m
[35m[HTTP][39m [90m{}[39m
[35m[W3C (6298e47d)][39m Driver proxy active, passing request on via HTTP proxy
[35m[WD Proxy][39m Replacing sessionId 12678205-e4ff-4084-9b67-f8cfdb98ff3c with 6298e47d-0113-44de-8f81-b87db5c23158
[35m[HTTP][39m [37m<-- GET /wd/hub/session/6298e47d-0113-44de-8f81-b87db5c23158/element/00000000-0000-023b-ffff-ffff000000b2/size [39m[32m200[39m [90m14 ms - 87[39m
[35m[HTTP][39m [90m[39m
[35m[HTTP][39m [37m-->[39m [37mPOST[39m [37m/wd/hub/session/6298e47d-0113-44de-8f81-b87db5c23158/timeouts[39m
[35m[HTTP][39m [90m{"implicit":1000}[39m
[35m[HTTP][39m [37m<-- POST /wd/hub/session/6298e47d-0113-44de-8f81-b87db5c23158/timeouts [39m[32m200[39m [90m1 ms - 14[39m
[35m[HTTP][39m [90m[39m
[35m[HTTP][39m [37m-->[39m [37mPOST[39m [37m/wd/hub/session/6298e47d-0113-44de-8f81-b87db5c23158/elements[39m
[35m[HTTP][39m [90m{"using":"-android uiautomator","value":"new UiSelector().className(\"android.widget.CheckedTextView\").text(\"Bank Acc 2 ($100000.00)\").resourceId(\"android:id/text1\").packageName(\"com.example.mikebanks.bankscorpfinancial\").enabled(true).clickable(true).longClickable(false).checkable(true).checked(false).focusable(false).focused(false).scrollable(false).selected(false).index(1)"}[39m
[35m[HTTP][39m [37m<-- POST /wd/hub/session/6298e47d-0113-44de-8f81-b87db5c23158/elements [39m[32m200[39m [90m20 ms - 139[39m
[35m[HTTP][39m [90m[39m
[35m[HTTP][39m [37m-->[39m [37mGET[39m [37m/wd/hub/session/6298e47d-0113-44de-8f81-b87db5c23158/element/00000000-0000-023b-ffff-ffff000000b3/location[39m
[35m[HTTP][39m [90m{}[39m
[35m[W3C (6298e47d)][39m Driver proxy active, passing request on via HTTP proxy
[35m[WD Proxy][39m Replacing sessionId 12678205-e4ff-4084-9b67-f8cfdb98ff3c with 6298e47d-0113-44de-8f81-b87db5c23158
[35m[HTTP][39m [37m<-- GET /wd/hub/session/6298e47d-0113-44de-8f81-b87db5c23158/element/00000000-0000-023b-ffff-ffff000000b3/location [39m[32m200[39m [90m14 ms - 78[39m
[35m[HTTP][39m [90m[39m
[35m[HTTP][39m [37m-->[39m [37mGET[39m [37m/wd/hub/session/6298e47d-0113-44de-8f81-b87db5c23158/element/00000000-0000-023b-ffff-ffff000000b3/size[39m
[35m[HTTP][39m [90m{}[39m
[35m[W3C (6298e47d)][39m Driver proxy active, passing request on via HTTP proxy
[35m[WD Proxy][39m Replacing sessionId 12678205-e4ff-4084-9b67-f8cfdb98ff3c with 6298e47d-0113-44de-8f81-b87db5c23158
[35m[HTTP][39m [37m<-- GET /wd/hub/session/6298e47d-0113-44de-8f81-b87db5c23158/element/00000000-0000-023b-ffff-ffff000000b3/size [39m[32m200[39m [90m14 ms - 87[39m
[35m[HTTP][39m [90m[39m
